<?xml version="1.0" encoding="UTF-8" standalone="no"?>
<testsuite errors="0" failures="0" name="io.cucumber.core.plugin.JUnitFormatter" skipped="0" tests="1" time="88.098">
    <testcase classname="teste framework" name="teste em portugues de criação e validacao de contas" time="87.876">
        <system-out>
            <![CDATA[Given que o tempo de espera medio sera de 10 segundos.......................passed
And que a variavel "varNomeOportunidade" tenha o valor "oportunidade Random".passed
Given que o tempo de espera medio sera de 5 segundos........................passed
Given que esteja logado no SalesForce com sucesso com o usuario "CEO".......passed
When Accesar o objeto "Contatos" e criar um novo registro...................passed
And crie o registro com os dados retornados de mapeamento...................passed
]]>
        </system-out>
    </testcase>
</testsuite>
