<?xml version="1.0" encoding="UTF-8" standalone="no"?>
<testsuite errors="0" failures="0" name="io.cucumber.core.plugin.JUnitFormatter" skipped="0" tests="1" time="56.738">
    <testcase classname="teste framework" name="pesquisar e validar um registro" time="56.542">
        <system-out>
            <![CDATA[Given que o tempo de espera medio sera de 10 segundos.......................passed
And que a variavel "varNomeOportunidade" tenha o valor "oportunidade Random".passed
Given que esteja logado no SalesForce com sucesso com o usuario "CEO".......passed
When acessar o registro hexadecimal "0WO8b000000fQEFGA2" pela url...........passed
And que esteja logado no SalesForce com sucesso com o usuario "Gerente".....passed
]]>
        </system-out>
    </testcase>
</testsuite>
