<?xml version="1.0" encoding="UTF-8" standalone="no"?>
<testsuite errors="0" failures="0" name="io.cucumber.core.plugin.JUnitFormatter" skipped="0" tests="1" time="2.797">
<testcase classname="teste framework" name="cria leads hunter" time="2.631">
<system-out><![CDATA[Given que o tempo de espera medio sera de 15 segundos.......................passed
And que a variavel "varNomeOportunidade" tenha o valor "oportunidade Random".passed
Given que seja definido o header "Accept" com o valor "application/json"....passed
And que seja definido o header "Content-Type" com o valor "application/json".passed
And que seja definido o body parametrizavel com a tag "" e valor "".........passed
And que seja definido o endpoint como "endpointHunter"......................passed
And que seja definido o payload "testeHunter"...............................passed
When executar uma requisicao POST...........................................passed
Then espero receber um response code "201"..................................passed
And armazene o valor do campo de response body "data.id" na variavel "varNameTeste".passed
And espero que o campo "data.first_name" do response body esteja com o valor de "(.+)".passed
And simplifique o teste de API..............................................passed
]]></system-out>
</testcase>
</testsuite>
